# JRE version: OpenJDK Runtime Environment (8.0_191-b12) (build 1.8.0_191-8u191-b12-2ubuntu0.18.04.1-b12)
# Java VM: OpenJDK 64-Bit Server VM (25.191-b12 mixed mode linux-amd64 compressed oops)
Heap:
 PSYoungGen      total 136192K, used 3365K [0x00000000d7300000, 0x00000000e0100000, 0x0000000100000000)
  eden space 126976K, 0% used [0x00000000d7300000,0x00000000d7300000,0x00000000def00000)
  from space 9216K, 36% used [0x00000000def00000,0x00000000df249780,0x00000000df800000)
  to   space 9216K, 0% used [0x00000000df800000,0x00000000df800000,0x00000000e0100000)
 ParOldGen       total 52736K, used 8769K [0x0000000085800000, 0x0000000088b80000, 0x00000000d7300000)
  object space 52736K, 16% used [0x0000000085800000,0x00000000860906a0,0x0000000088b80000)
 Metaspace       used 22992K, capacity 24270K, committed 24320K, reserved 1071104K
  class space    used 3052K, capacity 3294K, committed 3328K, reserved 1048576K
GC Heap History (10 events):
Event: 1,476 GC heap after
Heap after GC invocations=3 (full 0):
 PSYoungGen      total 36864K, used 5089K [0x00000000d7300000, 0x00000000dbb00000, 0x0000000100000000)
  eden space 31744K, 0% used [0x00000000d7300000,0x00000000d7300000,0x00000000d9200000)
  from space 5120K, 99% used [0x00000000d9200000,0x00000000d96f8618,0x00000000d9700000)
  to   space 5120K, 0% used [0x00000000db600000,0x00000000db600000,0x00000000dbb00000)
 ParOldGen       total 84992K, used 4534K [0x0000000085800000, 0x000000008ab00000, 0x00000000d7300000)
  object space 84992K, 5% used [0x0000000085800000,0x0000000085c6dbf8,0x000000008ab00000)
 Metaspace       used 15551K, capacity 16140K, committed 16256K, reserved 1062912K
  class space    used 1949K, capacity 2143K, committed 2176K, reserved 1048576K
}
Event: 3,179 GC heap before
{Heap before GC invocations=4 (full 0):
 PSYoungGen      total 36864K, used 36833K [0x00000000d7300000, 0x00000000dbb00000, 0x0000000100000000)
  eden space 31744K, 100% used [0x00000000d7300000,0x00000000d9200000,0x00000000d9200000)
  from space 5120K, 99% used [0x00000000d9200000,0x00000000d96f8618,0x00000000d9700000)
  to   space 5120K, 0% used [0x00000000db600000,0x00000000db600000,0x00000000dbb00000)
 ParOldGen       total 84992K, used 4534K [0x0000000085800000, 0x000000008ab00000, 0x00000000d7300000)
  object space 84992K, 5% used [0x0000000085800000,0x0000000085c6dbf8,0x000000008ab00000)
 Metaspace       used 18105K, capacity 18796K, committed 18944K, reserved 1064960K
  class space    used 2323K, capacity 2525K, committed 2560K, reserved 1048576K
Event: 3,185 GC heap after
Heap after GC invocations=4 (full 0):
 PSYoungGen      total 68608K, used 5109K [0x00000000d7300000, 0x00000000dbb00000, 0x0000000100000000)
  eden space 63488K, 0% used [0x00000000d7300000,0x00000000d7300000,0x00000000db100000)
  from space 5120K, 99% used [0x00000000db600000,0x00000000dbafd698,0x00000000dbb00000)
  to   space 5120K, 0% used [0x00000000db100000,0x00000000db100000,0x00000000db600000)
 ParOldGen       total 84992K, used 7764K [0x0000000085800000, 0x000000008ab00000, 0x00000000d7300000)
  object space 84992K, 9% used [0x0000000085800000,0x0000000085f95258,0x000000008ab00000)
 Metaspace       used 18105K, capacity 18796K, committed 18944K, reserved 1064960K
  class space    used 2323K, capacity 2525K, committed 2560K, reserved 1048576K
}
Event: 3,279 GC heap before
{Heap before GC invocations=5 (full 0):
 PSYoungGen      total 68608K, used 68597K [0x00000000d7300000, 0x00000000dbb00000, 0x0000000100000000)
  eden space 63488K, 100% used [0x00000000d7300000,0x00000000db100000,0x00000000db100000)
  from space 5120K, 99% used [0x00000000db600000,0x00000000dbafd698,0x00000000dbb00000)
  to   space 5120K, 0% used [0x00000000db100000,0x00000000db100000,0x00000000db600000)
 ParOldGen       total 84992K, used 7764K [0x0000000085800000, 0x000000008ab00000, 0x00000000d7300000)
  object space 84992K, 9% used [0x0000000085800000,0x0000000085f95258,0x000000008ab00000)
 Metaspace       used 18712K, capacity 19388K, committed 19584K, reserved 1067008K
  class space    used 2451K, capacity 2641K, committed 2688K, reserved 1048576K
Event: 3,283 GC heap after
Heap after GC invocations=5 (full 0):
 PSYoungGen      total 68608K, used 5109K [0x00000000d7300000, 0x00000000e0100000, 0x0000000100000000)
  eden space 63488K, 0% used [0x00000000d7300000,0x00000000d7300000,0x00000000db100000)
  from space 5120K, 99% used [0x00000000db100000,0x00000000db5fd698,0x00000000db600000)
  to   space 9216K, 0% used [0x00000000df800000,0x00000000df800000,0x00000000e0100000)
 ParOldGen       total 84992K, used 8367K [0x0000000085800000, 0x000000008ab00000, 0x00000000d7300000)
  object space 84992K, 9% used [0x0000000085800000,0x000000008602bd60,0x000000008ab00000)
 Metaspace       used 18712K, capacity 19388K, committed 19584K, reserved 1067008K
  class space    used 2451K, capacity 2641K, committed 2688K, reserved 1048576K
}
Event: 5,879 GC heap before
{Heap before GC invocations=6 (full 0):
 PSYoungGen      total 68608K, used 19045K [0x00000000d7300000, 0x00000000e0100000, 0x0000000100000000)
  eden space 63488K, 21% used [0x00000000d7300000,0x00000000d809be08,0x00000000db100000)
  from space 5120K, 99% used [0x00000000db100000,0x00000000db5fd698,0x00000000db600000)
  to   space 9216K, 0% used [0x00000000df800000,0x00000000df800000,0x00000000e0100000)
 ParOldGen       total 84992K, used 8367K [0x0000000085800000, 0x000000008ab00000, 0x00000000d7300000)
  object space 84992K, 9% used [0x0000000085800000,0x000000008602bd60,0x000000008ab00000)
 Metaspace       used 20399K, capacity 21210K, committed 21296K, reserved 1067008K
  class space    used 2668K, capacity 2912K, committed 2944K, reserved 1048576K
Event: 5,888 GC heap after
Heap after GC invocations=6 (full 0):
 PSYoungGen      total 136192K, used 6232K [0x00000000d7300000, 0x00000000e0100000, 0x0000000100000000)
  eden space 126976K, 0% used [0x00000000d7300000,0x00000000d7300000,0x00000000def00000)
  from space 9216K, 67% used [0x00000000df800000,0x00000000dfe162b0,0x00000000e0100000)
  to   space 9216K, 0% used [0x00000000def00000,0x00000000def00000,0x00000000df800000)
 ParOldGen       total 84992K, used 8375K [0x0000000085800000, 0x000000008ab00000, 0x00000000d7300000)
  object space 84992K, 9% used [0x0000000085800000,0x000000008602dd60,0x000000008ab00000)
 Metaspace       used 20399K, capacity 21210K, committed 21296K, reserved 1067008K
  class space    used 2668K, capacity 2912K, committed 2944K, reserved 1048576K
}
Event: 5,888 GC heap before
{Heap before GC invocations=7 (full 1):
 PSYoungGen      total 136192K, used 6232K [0x00000000d7300000, 0x00000000e0100000, 0x0000000100000000)
  eden space 126976K, 0% used [0x00000000d7300000,0x00000000d7300000,0x00000000def00000)
  from space 9216K, 67% used [0x00000000df800000,0x00000000dfe162b0,0x00000000e0100000)
  to   space 9216K, 0% used [0x00000000def00000,0x00000000def00000,0x00000000df800000)
 ParOldGen       total 84992K, used 8375K [0x0000000085800000, 0x000000008ab00000, 0x00000000d7300000)
  object space 84992K, 9% used [0x0000000085800000,0x000000008602dd60,0x000000008ab00000)
 Metaspace       used 20399K, capacity 21210K, committed 21296K, reserved 1067008K
  class space    used 2668K, capacity 2912K, committed 2944K, reserved 1048576K
Event: 5,923 GC heap after
Heap after GC invocations=7 (full 1):
 PSYoungGen      total 136192K, used 0K [0x00000000d7300000, 0x00000000e0100000, 0x0000000100000000)
  eden space 126976K, 0% used [0x00000000d7300000,0x00000000d7300000,0x00000000def00000)
  from space 9216K, 0% used [0x00000000df800000,0x00000000df800000,0x00000000e0100000)
  to   space 9216K, 0% used [0x00000000def00000,0x00000000def00000,0x00000000df800000)
 ParOldGen       total 52736K, used 8761K [0x0000000085800000, 0x0000000088b80000, 0x00000000d7300000)
  object space 52736K, 16% used [0x0000000085800000,0x000000008608e6a0,0x0000000088b80000)
 Metaspace       used 20399K, capacity 21210K, committed 21296K, reserved 1067008K
  class space    used 2668K, capacity 2912K, committed 2944K, reserved 1048576K
}
Event: 10,023 GC heap before
{Heap before GC invocations=8 (full 1):
 PSYoungGen      total 136192K, used 126976K [0x00000000d7300000, 0x00000000e0100000, 0x0000000100000000)
  eden space 126976K, 100% used [0x00000000d7300000,0x00000000def00000,0x00000000def00000)
  from space 9216K, 0% used [0x00000000df800000,0x00000000df800000,0x00000000e0100000)
  to   space 9216K, 0% used [0x00000000def00000,0x00000000def00000,0x00000000df800000)
 ParOldGen       total 52736K, used 8761K [0x0000000085800000, 0x0000000088b80000, 0x00000000d7300000)
  object space 52736K, 16% used [0x0000000085800000,0x000000008608e6a0,0x0000000088b80000)
 Metaspace       used 22992K, capacity 24270K, committed 24320K, reserved 1071104K
  class space    used 3052K, capacity 3294K, committed 3328K, reserved 1048576K

