# JRE version: OpenJDK Runtime Environment (8.0_191-b12) (build 1.8.0_191-8u191-b12-2ubuntu0.18.04.1-b12)
# Java VM: OpenJDK 64-Bit Server VM (25.191-b12 mixed mode linux-amd64 compressed oops)
Heap:
 PSYoungGen      total 136192K, used 2470K [0x00000000d7300000, 0x00000000e0100000, 0x0000000100000000)
  eden space 126976K, 0% used [0x00000000d7300000,0x00000000d7300000,0x00000000def00000)
  from space 9216K, 26% used [0x00000000def00000,0x00000000df169ac0,0x00000000df800000)
  to   space 9216K, 0% used [0x00000000df800000,0x00000000df800000,0x00000000e0100000)
 ParOldGen       total 47616K, used 8781K [0x0000000085800000, 0x0000000088680000, 0x00000000d7300000)
  object space 47616K, 18% used [0x0000000085800000,0x0000000086093458,0x0000000088680000)
 Metaspace       used 21525K, capacity 22334K, committed 22528K, reserved 1069056K
  class space    used 2816K, capacity 3018K, committed 3072K, reserved 1048576K
GC Heap History (10 events):
Event: 1,216 GC heap after
Heap after GC invocations=3 (full 0):
 PSYoungGen      total 36864K, used 5088K [0x00000000d7300000, 0x00000000dbb00000, 0x0000000100000000)
  eden space 31744K, 0% used [0x00000000d7300000,0x00000000d7300000,0x00000000d9200000)
  from space 5120K, 99% used [0x00000000d9200000,0x00000000d96f8040,0x00000000d9700000)
  to   space 5120K, 0% used [0x00000000db600000,0x00000000db600000,0x00000000dbb00000)
 ParOldGen       total 84992K, used 4508K [0x0000000085800000, 0x000000008ab00000, 0x00000000d7300000)
  object space 84992K, 5% used [0x0000000085800000,0x0000000085c67260,0x000000008ab00000)
 Metaspace       used 15526K, capacity 16144K, committed 16256K, reserved 1062912K
  class space    used 1949K, capacity 2143K, committed 2176K, reserved 1048576K
}
Event: 3,129 GC heap before
{Heap before GC invocations=4 (full 0):
 PSYoungGen      total 36864K, used 36832K [0x00000000d7300000, 0x00000000dbb00000, 0x0000000100000000)
  eden space 31744K, 100% used [0x00000000d7300000,0x00000000d9200000,0x00000000d9200000)
  from space 5120K, 99% used [0x00000000d9200000,0x00000000d96f8040,0x00000000d9700000)
  to   space 5120K, 0% used [0x00000000db600000,0x00000000db600000,0x00000000dbb00000)
 ParOldGen       total 84992K, used 4508K [0x0000000085800000, 0x000000008ab00000, 0x00000000d7300000)
  object space 84992K, 5% used [0x0000000085800000,0x0000000085c67260,0x000000008ab00000)
 Metaspace       used 18202K, capacity 18864K, committed 18944K, reserved 1064960K
  class space    used 2323K, capacity 2525K, committed 2560K, reserved 1048576K
Event: 3,135 GC heap after
Heap after GC invocations=4 (full 0):
 PSYoungGen      total 68608K, used 5088K [0x00000000d7300000, 0x00000000dbb00000, 0x0000000100000000)
  eden space 63488K, 0% used [0x00000000d7300000,0x00000000d7300000,0x00000000db100000)
  from space 5120K, 99% used [0x00000000db600000,0x00000000dbaf8070,0x00000000dbb00000)
  to   space 5120K, 0% used [0x00000000db100000,0x00000000db100000,0x00000000db600000)
 ParOldGen       total 84992K, used 7818K [0x0000000085800000, 0x000000008ab00000, 0x00000000d7300000)
  object space 84992K, 9% used [0x0000000085800000,0x0000000085fa2bb0,0x000000008ab00000)
 Metaspace       used 18202K, capacity 18864K, committed 18944K, reserved 1064960K
  class space    used 2323K, capacity 2525K, committed 2560K, reserved 1048576K
}
Event: 3,233 GC heap before
{Heap before GC invocations=5 (full 0):
 PSYoungGen      total 68608K, used 68576K [0x00000000d7300000, 0x00000000dbb00000, 0x0000000100000000)
  eden space 63488K, 100% used [0x00000000d7300000,0x00000000db100000,0x00000000db100000)
  from space 5120K, 99% used [0x00000000db600000,0x00000000dbaf8070,0x00000000dbb00000)
  to   space 5120K, 0% used [0x00000000db100000,0x00000000db100000,0x00000000db600000)
 ParOldGen       total 84992K, used 7818K [0x0000000085800000, 0x000000008ab00000, 0x00000000d7300000)
  object space 84992K, 9% used [0x0000000085800000,0x0000000085fa2bb0,0x000000008ab00000)
 Metaspace       used 18813K, capacity 19516K, committed 19584K, reserved 1067008K
  class space    used 2451K, capacity 2641K, committed 2688K, reserved 1048576K
Event: 3,256 GC heap after
Heap after GC invocations=5 (full 0):
 PSYoungGen      total 68608K, used 5088K [0x00000000d7300000, 0x00000000e0100000, 0x0000000100000000)
  eden space 63488K, 0% used [0x00000000d7300000,0x00000000d7300000,0x00000000db100000)
  from space 5120K, 99% used [0x00000000db100000,0x00000000db5f8070,0x00000000db600000)
  to   space 9216K, 0% used [0x00000000df800000,0x00000000df800000,0x00000000e0100000)
 ParOldGen       total 84992K, used 8381K [0x0000000085800000, 0x000000008ab00000, 0x00000000d7300000)
  object space 84992K, 9% used [0x0000000085800000,0x000000008602f7b0,0x000000008ab00000)
 Metaspace       used 18813K, capacity 19516K, committed 19584K, reserved 1067008K
  class space    used 2451K, capacity 2641K, committed 2688K, reserved 1048576K
}
Event: 5,947 GC heap before
{Heap before GC invocations=6 (full 0):
 PSYoungGen      total 68608K, used 19119K [0x00000000d7300000, 0x00000000e0100000, 0x0000000100000000)
  eden space 63488K, 22% used [0x00000000d7300000,0x00000000d80b3eb8,0x00000000db100000)
  from space 5120K, 99% used [0x00000000db100000,0x00000000db5f8070,0x00000000db600000)
  to   space 9216K, 0% used [0x00000000df800000,0x00000000df800000,0x00000000e0100000)
 ParOldGen       total 84992K, used 8381K [0x0000000085800000, 0x000000008ab00000, 0x00000000d7300000)
  object space 84992K, 9% used [0x0000000085800000,0x000000008602f7b0,0x000000008ab00000)
 Metaspace       used 20431K, capacity 21210K, committed 21296K, reserved 1067008K
  class space    used 2672K, capacity 2912K, committed 2944K, reserved 1048576K
Event: 5,955 GC heap after
Heap after GC invocations=6 (full 0):
 PSYoungGen      total 136192K, used 6295K [0x00000000d7300000, 0x00000000e0100000, 0x0000000100000000)
  eden space 126976K, 0% used [0x00000000d7300000,0x00000000d7300000,0x00000000def00000)
  from space 9216K, 68% used [0x00000000df800000,0x00000000dfe25cf8,0x00000000e0100000)
  to   space 9216K, 0% used [0x00000000def00000,0x00000000def00000,0x00000000df800000)
 ParOldGen       total 84992K, used 8389K [0x0000000085800000, 0x000000008ab00000, 0x00000000d7300000)
  object space 84992K, 9% used [0x0000000085800000,0x00000000860317b0,0x000000008ab00000)
 Metaspace       used 20431K, capacity 21210K, committed 21296K, reserved 1067008K
  class space    used 2672K, capacity 2912K, committed 2944K, reserved 1048576K
}
Event: 5,955 GC heap before
{Heap before GC invocations=7 (full 1):
 PSYoungGen      total 136192K, used 6295K [0x00000000d7300000, 0x00000000e0100000, 0x0000000100000000)
  eden space 126976K, 0% used [0x00000000d7300000,0x00000000d7300000,0x00000000def00000)
  from space 9216K, 68% used [0x00000000df800000,0x00000000dfe25cf8,0x00000000e0100000)
  to   space 9216K, 0% used [0x00000000def00000,0x00000000def00000,0x00000000df800000)
 ParOldGen       total 84992K, used 8389K [0x0000000085800000, 0x000000008ab00000, 0x00000000d7300000)
  object space 84992K, 9% used [0x0000000085800000,0x00000000860317b0,0x000000008ab00000)
 Metaspace       used 20431K, capacity 21210K, committed 21296K, reserved 1067008K
  class space    used 2672K, capacity 2912K, committed 2944K, reserved 1048576K
Event: 5,981 GC heap after
Heap after GC invocations=7 (full 1):
 PSYoungGen      total 136192K, used 0K [0x00000000d7300000, 0x00000000e0100000, 0x0000000100000000)
  eden space 126976K, 0% used [0x00000000d7300000,0x00000000d7300000,0x00000000def00000)
  from space 9216K, 0% used [0x00000000df800000,0x00000000df800000,0x00000000e0100000)
  to   space 9216K, 0% used [0x00000000def00000,0x00000000def00000,0x00000000df800000)
 ParOldGen       total 47616K, used 8773K [0x0000000085800000, 0x0000000088680000, 0x00000000d7300000)
  object space 47616K, 18% used [0x0000000085800000,0x0000000086091458,0x0000000088680000)
 Metaspace       used 20431K, capacity 21210K, committed 21296K, reserved 1067008K
  class space    used 2672K, capacity 2912K, committed 2944K, reserved 1048576K
}
Event: 8,347 GC heap before
{Heap before GC invocations=8 (full 1):
 PSYoungGen      total 136192K, used 126976K [0x00000000d7300000, 0x00000000e0100000, 0x0000000100000000)
  eden space 126976K, 100% used [0x00000000d7300000,0x00000000def00000,0x00000000def00000)
  from space 9216K, 0% used [0x00000000df800000,0x00000000df800000,0x00000000e0100000)
  to   space 9216K, 0% used [0x00000000def00000,0x00000000def00000,0x00000000df800000)
 ParOldGen       total 47616K, used 8773K [0x0000000085800000, 0x0000000088680000, 0x00000000d7300000)
  object space 47616K, 18% used [0x0000000085800000,0x0000000086091458,0x0000000088680000)
 Metaspace       used 21525K, capacity 22334K, committed 22528K, reserved 1069056K
  class space    used 2816K, capacity 3018K, committed 3072K, reserved 1048576K

